<?xml version="1.0" encoding="UTF-8"?>
<testsuite name="kr.ac.jejunu.hello.StaticApplicationContextTest" tests="1" skipped="0" failures="0" errors="0" timestamp="2018-05-25T06:59:22" hostname="songseunghyo-500R5K-501R5K" time="0.211">
  <properties/>
  <testcase name="staticApplicationContextTest" classname="kr.ac.jejunu.hello.StaticApplicationContextTest" time="0.211"/>
  <system-out><![CDATA[15:59:23.160 [Test worker] DEBUG org.springframework.beans.factory.support.DefaultListableBeanFactory - Creating shared instance of singleton bean 'hello'
15:59:23.165 [Test worker] DEBUG org.springframework.beans.factory.support.DefaultListableBeanFactory - Creating instance of bean 'hello'
15:59:23.188 [Test worker] DEBUG org.springframework.beans.factory.support.DefaultListableBeanFactory - Eagerly caching bean 'hello' to allow for resolving potential circular references
15:59:23.190 [Test worker] DEBUG org.springframework.beans.factory.support.DefaultListableBeanFactory - Finished creating instance of bean 'hello'
]]></system-out>
  <system-err><![CDATA[]]></system-err>
</testsuite>
